  Arbori.cpp
D:\c++\Programare_procedurala\Structuri_de_date\Arbori\Arbori\Arbori\TreeNode.h(3,13): error C2011: 'Node': 'struct' type redefinition
D:\c++\Programare_procedurala\Structuri_de_date\Arbori\Arbori\Arbori\TreeNode.h(3): message : see declaration of 'Node'
D:\c++\Programare_procedurala\Structuri_de_date\Arbori\Arbori\Arbori\BST.h(14,1): error C2027: use of undefined type 'Node'
D:\c++\Programare_procedurala\Structuri_de_date\Arbori\Arbori\Arbori\TreeNode.h(3): message : see declaration of 'Node'
D:\c++\Programare_procedurala\Structuri_de_date\Arbori\Arbori\Arbori\BST.h(16,1): error C2027: use of undefined type 'Node'
D:\c++\Programare_procedurala\Structuri_de_date\Arbori\Arbori\Arbori\TreeNode.h(3): message : see declaration of 'Node'
D:\c++\Programare_procedurala\Structuri_de_date\Arbori\Arbori\Arbori\BST.h(18,1): error C2027: use of undefined type 'Node'
D:\c++\Programare_procedurala\Structuri_de_date\Arbori\Arbori\Arbori\TreeNode.h(3): message : see declaration of 'Node'
D:\c++\Programare_procedurala\Structuri_de_date\Arbori\Arbori\Arbori\BST.h(19,1): error C2027: use of undefined type 'Node'
D:\c++\Programare_procedurala\Structuri_de_date\Arbori\Arbori\Arbori\TreeNode.h(3): message : see declaration of 'Node'
D:\c++\Programare_procedurala\Structuri_de_date\Arbori\Arbori\Arbori\BST.h(23,1): error C2027: use of undefined type 'Node'
D:\c++\Programare_procedurala\Structuri_de_date\Arbori\Arbori\Arbori\TreeNode.h(3): message : see declaration of 'Node'
D:\c++\Programare_procedurala\Structuri_de_date\Arbori\Arbori\Arbori\BST.h(28,1): error C2027: use of undefined type 'Node'
D:\c++\Programare_procedurala\Structuri_de_date\Arbori\Arbori\Arbori\TreeNode.h(3): message : see declaration of 'Node'
D:\c++\Programare_procedurala\Structuri_de_date\Arbori\Arbori\Arbori\BST.h(30,1): error C2027: use of undefined type 'Node'
D:\c++\Programare_procedurala\Structuri_de_date\Arbori\Arbori\Arbori\TreeNode.h(3): message : see declaration of 'Node'
D:\c++\Programare_procedurala\Structuri_de_date\Arbori\Arbori\Arbori\BST.h(31,1): error C2027: use of undefined type 'Node'
D:\c++\Programare_procedurala\Structuri_de_date\Arbori\Arbori\Arbori\TreeNode.h(3): message : see declaration of 'Node'
D:\c++\Programare_procedurala\Structuri_de_date\Arbori\Arbori\Arbori\BST.h(35,1): error C2027: use of undefined type 'Node'
D:\c++\Programare_procedurala\Structuri_de_date\Arbori\Arbori\Arbori\TreeNode.h(3): message : see declaration of 'Node'
D:\c++\Programare_procedurala\Structuri_de_date\Arbori\Arbori\Arbori\BST.h(44,1): error C2027: use of undefined type 'Node'
D:\c++\Programare_procedurala\Structuri_de_date\Arbori\Arbori\Arbori\TreeNode.h(3): message : see declaration of 'Node'
D:\c++\Programare_procedurala\Structuri_de_date\Arbori\Arbori\Arbori\BST.h(45,1): error C2027: use of undefined type 'Node'
D:\c++\Programare_procedurala\Structuri_de_date\Arbori\Arbori\Arbori\TreeNode.h(3): message : see declaration of 'Node'
D:\c++\Programare_procedurala\Structuri_de_date\Arbori\Arbori\Arbori\BST.h(64,1): error C2027: use of undefined type 'Node'
D:\c++\Programare_procedurala\Structuri_de_date\Arbori\Arbori\Arbori\TreeNode.h(3): message : see declaration of 'Node'
D:\c++\Programare_procedurala\Structuri_de_date\Arbori\Arbori\Arbori\BST.h(66,1): error C2027: use of undefined type 'Node'
D:\c++\Programare_procedurala\Structuri_de_date\Arbori\Arbori\Arbori\TreeNode.h(3): message : see declaration of 'Node'
D:\c++\Programare_procedurala\Structuri_de_date\Arbori\Arbori\Arbori\BST.h(68,1): error C2027: use of undefined type 'Node'
D:\c++\Programare_procedurala\Structuri_de_date\Arbori\Arbori\Arbori\TreeNode.h(3): message : see declaration of 'Node'
D:\c++\Programare_procedurala\Structuri_de_date\Arbori\Arbori\Arbori\BST.h(70,1): error C2027: use of undefined type 'Node'
D:\c++\Programare_procedurala\Structuri_de_date\Arbori\Arbori\Arbori\TreeNode.h(3): message : see declaration of 'Node'
D:\c++\Programare_procedurala\Structuri_de_date\Arbori\Arbori\Arbori\BST.h(73,1): error C2027: use of undefined type 'Node'
D:\c++\Programare_procedurala\Structuri_de_date\Arbori\Arbori\Arbori\TreeNode.h(3): message : see declaration of 'Node'
D:\c++\Programare_procedurala\Structuri_de_date\Arbori\Arbori\Arbori\BST.h(84,1): error C2027: use of undefined type 'Node'
D:\c++\Programare_procedurala\Structuri_de_date\Arbori\Arbori\Arbori\TreeNode.h(3): message : see declaration of 'Node'
D:\c++\Programare_procedurala\Structuri_de_date\Arbori\Arbori\Arbori\BST.h(86,1): error C2027: use of undefined type 'Node'
D:\c++\Programare_procedurala\Structuri_de_date\Arbori\Arbori\Arbori\TreeNode.h(3): message : see declaration of 'Node'
D:\c++\Programare_procedurala\Structuri_de_date\Arbori\Arbori\Arbori\BST.h(87,1): error C2027: use of undefined type 'Node'
D:\c++\Programare_procedurala\Structuri_de_date\Arbori\Arbori\Arbori\TreeNode.h(3): message : see declaration of 'Node'
D:\c++\Programare_procedurala\Structuri_de_date\Arbori\Arbori\Arbori\BST.h(95,1): error C2027: use of undefined type 'Node'
D:\c++\Programare_procedurala\Structuri_de_date\Arbori\Arbori\Arbori\TreeNode.h(3): message : see declaration of 'Node'
D:\c++\Programare_procedurala\Structuri_de_date\Arbori\Arbori\Arbori\BST.h(96,1): error C2027: use of undefined type 'Node'
D:\c++\Programare_procedurala\Structuri_de_date\Arbori\Arbori\Arbori\TreeNode.h(3): message : see declaration of 'Node'
D:\c++\Programare_procedurala\Structuri_de_date\Arbori\Arbori\Arbori\BST.h(97,1): error C2027: use of undefined type 'Node'
D:\c++\Programare_procedurala\Structuri_de_date\Arbori\Arbori\Arbori\TreeNode.h(3): message : see declaration of 'Node'
D:\c++\Programare_procedurala\Structuri_de_date\Arbori\Arbori\Arbori\BST.h(104,1): error C2027: use of undefined type 'Node'
D:\c++\Programare_procedurala\Structuri_de_date\Arbori\Arbori\Arbori\TreeNode.h(3): message : see declaration of 'Node'
D:\c++\Programare_procedurala\Structuri_de_date\Arbori\Arbori\Arbori\BST.h(105,1): error C2027: use of undefined type 'Node'
D:\c++\Programare_procedurala\Structuri_de_date\Arbori\Arbori\Arbori\TreeNode.h(3): message : see declaration of 'Node'
D:\c++\Programare_procedurala\Structuri_de_date\Arbori\Arbori\Arbori\BST.h(106,1): error C2027: use of undefined type 'Node'
D:\c++\Programare_procedurala\Structuri_de_date\Arbori\Arbori\Arbori\TreeNode.h(3): message : see declaration of 'Node'
D:\c++\Programare_procedurala\Structuri_de_date\Arbori\Arbori\Arbori\BST.h(113,1): error C2027: use of undefined type 'Node'
D:\c++\Programare_procedurala\Structuri_de_date\Arbori\Arbori\Arbori\TreeNode.h(3): message : see declaration of 'Node'
D:\c++\Programare_procedurala\Structuri_de_date\Arbori\Arbori\Arbori\BST.h(117,1): error C2027: use of undefined type 'Node'
D:\c++\Programare_procedurala\Structuri_de_date\Arbori\Arbori\Arbori\TreeNode.h(3): message : see declaration of 'Node'
D:\c++\Programare_procedurala\Structuri_de_date\Arbori\Arbori\Arbori\BST.h(119,1): error C2027: use of undefined type 'Node'
D:\c++\Programare_procedurala\Structuri_de_date\Arbori\Arbori\Arbori\TreeNode.h(3): message : see declaration of 'Node'
D:\c++\Programare_procedurala\Structuri_de_date\Arbori\Arbori\Arbori\BST.h(123,1): error C2027: use of undefined type 'Node'
D:\c++\Programare_procedurala\Structuri_de_date\Arbori\Arbori\Arbori\TreeNode.h(3): message : see declaration of 'Node'
D:\c++\Programare_procedurala\Structuri_de_date\Arbori\Arbori\Arbori\BST.h(131,1): error C2027: use of undefined type 'Node'
D:\c++\Programare_procedurala\Structuri_de_date\Arbori\Arbori\Arbori\TreeNode.h(3): message : see declaration of 'Node'
D:\c++\Programare_procedurala\Structuri_de_date\Arbori\Arbori\Arbori\BST.h(135,1): error C2027: use of undefined type 'Node'
D:\c++\Programare_procedurala\Structuri_de_date\Arbori\Arbori\Arbori\TreeNode.h(3): message : see declaration of 'Node'
D:\c++\Programare_procedurala\Structuri_de_date\Arbori\Arbori\Arbori\BST.h(137,1): error C2027: use of undefined type 'Node'
D:\c++\Programare_procedurala\Structuri_de_date\Arbori\Arbori\Arbori\TreeNode.h(3): message : see declaration of 'Node'
D:\c++\Programare_procedurala\Structuri_de_date\Arbori\Arbori\Arbori\BST.h(140,1): error C2027: use of undefined type 'Node'
D:\c++\Programare_procedurala\Structuri_de_date\Arbori\Arbori\Arbori\TreeNode.h(3): message : see declaration of 'Node'
D:\c++\Programare_procedurala\Structuri_de_date\Arbori\Arbori\Arbori\BST.h(149,1): error C2027: use of undefined type 'Node'
D:\c++\Programare_procedurala\Structuri_de_date\Arbori\Arbori\Arbori\TreeNode.h(3): message : see declaration of 'Node'
D:\c++\Programare_procedurala\Structuri_de_date\Arbori\Arbori\Arbori\BST.h(150,1): error C2027: use of undefined type 'Node'
D:\c++\Programare_procedurala\Structuri_de_date\Arbori\Arbori\Arbori\TreeNode.h(3): message : see declaration of 'Node'
D:\c++\Programare_procedurala\Structuri_de_date\Arbori\Arbori\Arbori\BST.h(152,1): error C2027: use of undefined type 'Node'
D:\c++\Programare_procedurala\Structuri_de_date\Arbori\Arbori\Arbori\TreeNode.h(3): message : see declaration of 'Node'
D:\c++\Programare_procedurala\Structuri_de_date\Arbori\Arbori\Arbori\BST.h(160,1): error C2027: use of undefined type 'Node'
D:\c++\Programare_procedurala\Structuri_de_date\Arbori\Arbori\Arbori\TreeNode.h(3): message : see declaration of 'Node'
D:\c++\Programare_procedurala\Structuri_de_date\Arbori\Arbori\Arbori\BST.h(161,1): error C2027: use of undefined type 'Node'
D:\c++\Programare_procedurala\Structuri_de_date\Arbori\Arbori\Arbori\TreeNode.h(3): message : see declaration of 'Node'
D:\c++\Programare_procedurala\Structuri_de_date\Arbori\Arbori\Arbori\BST.h(163,1): error C2027: use of undefined type 'Node'
D:\c++\Programare_procedurala\Structuri_de_date\Arbori\Arbori\Arbori\TreeNode.h(3): message : see declaration of 'Node'
D:\c++\Programare_procedurala\Structuri_de_date\Arbori\Arbori\Arbori\BST.h(168,1): error C2027: use of undefined type 'Node'
D:\c++\Programare_procedurala\Structuri_de_date\Arbori\Arbori\Arbori\TreeNode.h(3): message : see declaration of 'Node'
D:\c++\Programare_procedurala\Structuri_de_date\Arbori\Arbori\Arbori\BST.h(170,1): error C2027: use of undefined type 'Node'
D:\c++\Programare_procedurala\Structuri_de_date\Arbori\Arbori\Arbori\TreeNode.h(3): message : see declaration of 'Node'
D:\c++\Programare_procedurala\Structuri_de_date\Arbori\Arbori\Arbori\BST.h(172,1): error C2027: use of undefined type 'Node'
D:\c++\Programare_procedurala\Structuri_de_date\Arbori\Arbori\Arbori\TreeNode.h(3): message : see declaration of 'Node'
D:\c++\Programare_procedurala\Structuri_de_date\Arbori\Arbori\Arbori\BST.h(184,1): error C2027: use of undefined type 'Node'
D:\c++\Programare_procedurala\Structuri_de_date\Arbori\Arbori\Arbori\TreeNode.h(3): message : see declaration of 'Node'
D:\c++\Programare_procedurala\Structuri_de_date\Arbori\Arbori\Arbori\BST.h(186,1): error C2027: use of undefined type 'Node'
D:\c++\Programare_procedurala\Structuri_de_date\Arbori\Arbori\Arbori\TreeNode.h(3): message : see declaration of 'Node'
D:\c++\Programare_procedurala\Structuri_de_date\Arbori\Arbori\Arbori\BST.h(188,1): error C2027: use of undefined type 'Node'
D:\c++\Programare_procedurala\Structuri_de_date\Arbori\Arbori\Arbori\TreeNode.h(3): message : see declaration of 'Node'
D:\c++\Programare_procedurala\Structuri_de_date\Arbori\Arbori\Arbori\BST.h(190,1): error C2027: use of undefined type 'Node'
D:\c++\Programare_procedurala\Structuri_de_date\Arbori\Arbori\Arbori\TreeNode.h(3): message : see declaration of 'Node'
D:\c++\Programare_procedurala\Structuri_de_date\Arbori\Arbori\Arbori\BST.h(193,1): error C2027: use of undefined type 'Node'
D:\c++\Programare_procedurala\Structuri_de_date\Arbori\Arbori\Arbori\TreeNode.h(3): message : see declaration of 'Node'
D:\c++\Programare_procedurala\Structuri_de_date\Arbori\Arbori\Arbori\BST.h(195,1): error C2027: use of undefined type 'Node'
D:\c++\Programare_procedurala\Structuri_de_date\Arbori\Arbori\Arbori\TreeNode.h(3): message : see declaration of 'Node'
D:\c++\Programare_procedurala\Structuri_de_date\Arbori\Arbori\Arbori\BST.h(199,1): error C2027: use of undefined type 'Node'
D:\c++\Programare_procedurala\Structuri_de_date\Arbori\Arbori\Arbori\TreeNode.h(3): message : see declaration of 'Node'
D:\c++\Programare_procedurala\Structuri_de_date\Arbori\Arbori\Arbori\BST.h(201,1): error C2027: use of undefined type 'Node'
D:\c++\Programare_procedurala\Structuri_de_date\Arbori\Arbori\Arbori\TreeNode.h(3): message : see declaration of 'Node'
D:\c++\Programare_procedurala\Structuri_de_date\Arbori\Arbori\Arbori\BST.h(207,1): error C2027: use of undefined type 'Node'
D:\c++\Programare_procedurala\Structuri_de_date\Arbori\Arbori\Arbori\TreeNode.h(3): message : see declaration of 'Node'
D:\c++\Programare_procedurala\Structuri_de_date\Arbori\Arbori\Arbori\BST.h(208,1): error C2027: use of undefined type 'Node'
D:\c++\Programare_procedurala\Structuri_de_date\Arbori\Arbori\Arbori\TreeNode.h(3): message : see declaration of 'Node'
D:\c++\Programare_procedurala\Structuri_de_date\Arbori\Arbori\Arbori\BST.h(208,1): error C2660: 'BST::remove': function does not take 1 arguments
D:\c++\Programare_procedurala\Structuri_de_date\Arbori\Arbori\Arbori\BST.h(178,8): message : see declaration of 'BST::remove'
